[[1;34mINFO[m] Scanning for projects...
[[1;34mINFO[m] 
[[1;34mINFO[m] [1m--------------------< [0;36morg.apache.hive:hive-common[0;1m >---------------------[m
[[1;34mINFO[m] [1mBuilding Hive Common 3.1.3[m
[[1;34mINFO[m] [1m--------------------------------[ jar ]---------------------------------[m
[[1;34mINFO[m] 
[[1;34mINFO[m] [1m--- [0;32mmaven-surefire-plugin:2.21.0:test[m [1m(default-cli)[m @ [36mhive-common[0;1m ---[m
[[1;34mINFO[m] 
[[1;34mINFO[m] -------------------------------------------------------
[[1;34mINFO[m]  T E S T S
[[1;34mINFO[m] -------------------------------------------------------
[[1;34mINFO[m] Running org.apache.hive.common.util.[1mTestDateParser[m
[[1;34mINFO[m] [1;32mTests run: [0;1;32m2[m, Failures: 0, Errors: 0, Skipped: 0, Time elapsed: 0.08 s - in org.apache.hive.common.util.[1mTestDateParser[m
[[1;34mINFO[m] Running org.apache.hive.common.util.[1mTestHiveStringUtils[m
[[1;34mINFO[m] [1;32mTests run: [0;1;32m3[m, Failures: 0, Errors: 0, Skipped: 0, Time elapsed: 0.095 s - in org.apache.hive.common.util.[1mTestHiveStringUtils[m
[[1;34mINFO[m] Running org.apache.hive.common.util.[1mTestACLConfigurationParser[m
[[1;31mERROR[m] [1;31mTests [0;1mrun: [0;1m1[m, Failures: 0, [1;31mErrors: [0;1;31m1[m, Skipped: 0, Time elapsed: 0.077 s[1;31m <<< FAILURE![m - in org.apache.hive.common.util.[1mTestACLConfigurationParser[m
[[1;31mERROR[m] org.apache.hive.common.util.TestACLConfigurationParser  Time elapsed: 0.077 s  <<< ERROR!
java.lang.NoSuchMethodError: 'org.junit.internal.runners.statements.FailOnTimeout$Builder org.junit.internal.runners.statements.FailOnTimeout.builder()'
	at edu.illinois.CTestJUnit4Runner2.withPotentialTimeout(CTestJUnit4Runner2.java:116)
	at org.junit.runners.BlockJUnit4ClassRunner.methodBlock(BlockJUnit4ClassRunner.java:253)
	at org.junit.runners.BlockJUnit4ClassRunner.runChild(BlockJUnit4ClassRunner.java:70)
	at org.junit.runners.BlockJUnit4ClassRunner.runChild(BlockJUnit4ClassRunner.java:50)
	at org.junit.runners.ParentRunner$3.run(ParentRunner.java:238)
	at org.junit.runners.ParentRunner$1.schedule(ParentRunner.java:63)
	at org.junit.runners.ParentRunner.runChildren(ParentRunner.java:236)
	at org.junit.runners.ParentRunner.access$000(ParentRunner.java:53)
	at org.junit.runners.ParentRunner$2.evaluate(ParentRunner.java:229)
	at edu.illinois.CTestJUnit4Runner2$1.evaluate(CTestJUnit4Runner2.java:133)
	at edu.illinois.CTestJUnit4Runner2$4.evaluate(CTestJUnit4Runner2.java:214)
	at org.junit.runners.ParentRunner.run(ParentRunner.java:309)
	at org.apache.maven.surefire.junit4.JUnit4Provider.execute(JUnit4Provider.java:365)
	at org.apache.maven.surefire.junit4.JUnit4Provider.executeWithRerun(JUnit4Provider.java:273)
	at org.apache.maven.surefire.junit4.JUnit4Provider.executeTestSet(JUnit4Provider.java:238)
	at org.apache.maven.surefire.junit4.JUnit4Provider.invoke(JUnit4Provider.java:159)
	at org.apache.maven.surefire.booter.ForkedBooter.invokeProviderInSameClassLoader(ForkedBooter.java:379)
	at org.apache.maven.surefire.booter.ForkedBooter.runSuitesInProcess(ForkedBooter.java:340)
	at org.apache.maven.surefire.booter.ForkedBooter.execute(ForkedBooter.java:125)
	at org.apache.maven.surefire.booter.ForkedBooter.main(ForkedBooter.java:413)

[[1;34mINFO[m] Running org.apache.hive.common.util.[1mTestRetryUtilities[m
[[1;34mINFO[m] [1;32mTests run: [0;1;32m8[m, Failures: 0, Errors: 0, Skipped: 0, Time elapsed: 0.59 s - in org.apache.hive.common.util.[1mTestRetryUtilities[m
[[1;34mINFO[m] Running org.apache.hive.common.util.[1mTestFixedSizedObjectPool[m
[[1;34mINFO[m] [1;32mTests run: [0;1;32m7[m, Failures: 0, Errors: 0, Skipped: 0, Time elapsed: 0.816 s - in org.apache.hive.common.util.[1mTestFixedSizedObjectPool[m
[[1;34mINFO[m] Running org.apache.hive.common.util.[1mTestShutdownHookManager[m
[[1;34mINFO[m] [1;32mTests run: [0;1;32m1[m, Failures: 0, Errors: 0, Skipped: 0, Time elapsed: 0.573 s - in org.apache.hive.common.util.[1mTestShutdownHookManager[m
[[1;34mINFO[m] Running org.apache.hive.common.util.[1mTestTimestampParser[m
[[1;34mINFO[m] [1;32mTests run: [0;1;32m4[m, Failures: 0, Errors: 0, Skipped: 0, Time elapsed: 0.116 s - in org.apache.hive.common.util.[1mTestTimestampParser[m
[[1;34mINFO[m] Running org.apache.hadoop.hive.common.metrics.metrics2.[1mTestCodahaleMetrics[m
[[1;34mINFO[m] [1;32mTests run: [0;1;32m6[m, Failures: 0, Errors: 0, Skipped: 0, Time elapsed: 1.927 s - in org.apache.hadoop.hive.common.metrics.metrics2.[1mTestCodahaleMetrics[m
[[1;34mINFO[m] Running org.apache.hadoop.hive.common.metrics.metrics2.[1mTestCodahaleReportersConf[m
[[1;34mINFO[m] [1;32mTests run: [0;1;32m3[m, Failures: 0, Errors: 0, Skipped: 0, Time elapsed: 3.199 s - in org.apache.hadoop.hive.common.metrics.metrics2.[1mTestCodahaleReportersConf[m
[[1;34mINFO[m] Running org.apache.hadoop.hive.common.metrics.metrics2.[1mTestMetricVariableRatioGauge[m
[[1;34mINFO[m] [1;32mTests run: [0;1;32m6[m, Failures: 0, Errors: 0, Skipped: 0, Time elapsed: 1.319 s - in org.apache.hadoop.hive.common.metrics.metrics2.[1mTestMetricVariableRatioGauge[m
[[1;34mINFO[m] Running org.apache.hadoop.hive.common.metrics.[1mTestLegacyMetrics[m
[[1;34mINFO[m] [1;32mTests run: [0;1;32m4[m, Failures: 0, Errors: 0, Skipped: 0, Time elapsed: 1.346 s - in org.apache.hadoop.hive.common.metrics.[1mTestLegacyMetrics[m
[[1;34mINFO[m] Running org.apache.hadoop.hive.common.[1mTestTezJsonParser[m
[[1;34mINFO[m] [1;32mTests run: [0;1;32m1[m, Failures: 0, Errors: 0, Skipped: 0, Time elapsed: 0.587 s - in org.apache.hadoop.hive.common.[1mTestTezJsonParser[m
[[1;34mINFO[m] Running org.apache.hadoop.hive.common.type.[1mTestHiveIntervalDayTime[m
[[1;34mINFO[m] [1;32mTests run: [0;1;32m5[m, Failures: 0, Errors: 0, Skipped: 0, Time elapsed: 0.334 s - in org.apache.hadoop.hive.common.type.[1mTestHiveIntervalDayTime[m
[[1;34mINFO[m] Running org.apache.hadoop.hive.common.type.[1mTestSignedInt128[m
[[1;34mINFO[m] [1;32mTests run: [0;1;32m16[m, Failures: 0, Errors: 0, Skipped: 0, Time elapsed: 0.092 s - in org.apache.hadoop.hive.common.type.[1mTestSignedInt128[m
[[1;34mINFO[m] Running org.apache.hadoop.hive.common.type.[1mTestUnsignedInt128[m
[[1;34mINFO[m] [1;32mTests run: [0;1;32m19[m, Failures: 0, Errors: 0, Skipped: 0, Time elapsed: 0.093 s - in org.apache.hadoop.hive.common.type.[1mTestUnsignedInt128[m
[[1;34mINFO[m] Running org.apache.hadoop.hive.common.type.[1mTestDecimal128[m
[[1;34mINFO[m] [1;32mTests run: [0;1;32m26[m, Failures: 0, Errors: 0, Skipped: 0, Time elapsed: 1.402 s - in org.apache.hadoop.hive.common.type.[1mTestDecimal128[m
[[1;34mINFO[m] Running org.apache.hadoop.hive.common.type.[1mTestHiveIntervalYearMonth[m
[[1;34mINFO[m] [1;32mTests run: [0;1;32m5[m, Failures: 0, Errors: 0, Skipped: 0, Time elapsed: 0.281 s - in org.apache.hadoop.hive.common.type.[1mTestHiveIntervalYearMonth[m
[[1;34mINFO[m] Running org.apache.hadoop.hive.common.type.[1mTestHiveBaseChar[m
[[1;34mINFO[m] [1;32mTests run: [0;1;32m2[m, Failures: 0, Errors: 0, Skipped: 0, Time elapsed: 0.026 s - in org.apache.hadoop.hive.common.type.[1mTestHiveBaseChar[m
[[1;34mINFO[m] Running org.apache.hadoop.hive.common.type.[1mTestHiveChar[m
[[1;34mINFO[m] [1;32mTests run: [0;1;32m3[m, Failures: 0, Errors: 0, Skipped: 0, Time elapsed: 0.185 s - in org.apache.hadoop.hive.common.type.[1mTestHiveChar[m
[[1;34mINFO[m] Running org.apache.hadoop.hive.common.type.[1mTestHiveVarchar[m
[[1;34mINFO[m] [1;32mTests run: [0;1;32m2[m, Failures: 0, Errors: 0, Skipped: 0, Time elapsed: 0.16 s - in org.apache.hadoop.hive.common.type.[1mTestHiveVarchar[m
[[1;34mINFO[m] Running org.apache.hadoop.hive.common.type.[1mTestTimestampTZ[m
[[1;34mINFO[m] [1;32mTests run: [0;1;32m8[m, Failures: 0, Errors: 0, Skipped: 0, Time elapsed: 0.594 s - in org.apache.hadoop.hive.common.type.[1mTestTimestampTZ[m
[[1;34mINFO[m] Running org.apache.hadoop.hive.common.type.[1mTestSqlMathUtil[m
[[1;34mINFO[m] [1;32mTests run: [0;1;32m1[m, Failures: 0, Errors: 0, Skipped: 0, Time elapsed: 0.083 s - in org.apache.hadoop.hive.common.type.[1mTestSqlMathUtil[m
[[1;34mINFO[m] Running org.apache.hadoop.hive.common.type.[1mTestHiveDecimalOrcSerializationUtils[m
[[1;34mINFO[m] [1;32mTests run: [0;1;32m8[m, Failures: 0, Errors: 0, Skipped: 0, Time elapsed: 0.272 s - in org.apache.hadoop.hive.common.type.[1mTestHiveDecimalOrcSerializationUtils[m
[[1;34mINFO[m] Running org.apache.hadoop.hive.common.jsonexplain.[1mTestVertex[m
[[1;34mINFO[m] [1;32mTests run: [0;1;32m5[m, Failures: 0, Errors: 0, Skipped: 0, Time elapsed: 0.583 s - in org.apache.hadoop.hive.common.jsonexplain.[1mTestVertex[m
[[1;34mINFO[m] Running org.apache.hadoop.hive.common.jsonexplain.[1mTestStage[m
[[1;34mINFO[m] [1;32mTests run: [0;1;32m9[m, Failures: 0, Errors: 0, Skipped: 0, Time elapsed: 0.578 s - in org.apache.hadoop.hive.common.jsonexplain.[1mTestStage[m
[[1;34mINFO[m] Running org.apache.hadoop.hive.common.jsonexplain.tez.[1mTestTezJsonParser[m
[[1;34mINFO[m] [1;32mTests run: [0;1;32m1[m, Failures: 0, Errors: 0, Skipped: 0, Time elapsed: 0.587 s - in org.apache.hadoop.hive.common.jsonexplain.tez.[1mTestTezJsonParser[m
[[1;34mINFO[m] Running org.apache.hadoop.hive.common.jsonexplain.[1mTestOp[m
[[1;34mINFO[m] [1;32mTests run: [0;1;32m1[m, Failures: 0, Errors: 0, Skipped: 0, Time elapsed: 0.688 s - in org.apache.hadoop.hive.common.jsonexplain.[1mTestOp[m
[[1;34mINFO[m] Running org.apache.hadoop.hive.common.[1mTestFileUtils[m
[[1;34mINFO[m] [1;32mTests run: [0;1;32m12[m, Failures: 0, Errors: 0, Skipped: 0, Time elapsed: 1.313 s - in org.apache.hadoop.hive.common.[1mTestFileUtils[m
[[1;34mINFO[m] Running org.apache.hadoop.hive.common.[1mTestBlobStorageUtils[m
[[1;34mINFO[m] [1;32mTests run: [0;1;32m3[m, Failures: 0, Errors: 0, Skipped: 0, Time elapsed: 0.779 s - in org.apache.hadoop.hive.common.[1mTestBlobStorageUtils[m
[[1;34mINFO[m] Running org.apache.hadoop.hive.common.[1mTestLogUtils[m
[[1;34mINFO[m] [1;32mTests run: [0;1;32m1[m, Failures: 0, Errors: 0, Skipped: 0, Time elapsed: 0.59 s - in org.apache.hadoop.hive.common.[1mTestLogUtils[m
[[1;34mINFO[m] Running org.apache.hadoop.hive.conf.[1mTestSystemVariables[m
[[1;34mINFO[m] [1;32mTests run: [0;1;32m4[m, Failures: 0, Errors: 0, Skipped: 0, Time elapsed: 0.61 s - in org.apache.hadoop.hive.conf.[1mTestSystemVariables[m
[[1;34mINFO[m] Running org.apache.hadoop.hive.conf.[1mTestHiveConf[m
[[1;34mINFO[m] [1;32mTests run: [0;1;32m8[m, Failures: 0, Errors: 0, Skipped: 0, Time elapsed: 1.196 s - in org.apache.hadoop.hive.conf.[1mTestHiveConf[m
[[1;34mINFO[m] Running org.apache.hadoop.hive.conf.[1mTestHiveLogging[m
[[1;34mINFO[m] [1;32mTests run: [0;1;32m1[m, Failures: 0, Errors: 0, Skipped: 0, Time elapsed: 0.991 s - in org.apache.hadoop.hive.conf.[1mTestHiveLogging[m
[[1;34mINFO[m] Running org.apache.hadoop.hive.conf.[1mTestHiveConfUtil[m
[[1;34mINFO[m] [1;32mTests run: [0;1;32m3[m, Failures: 0, Errors: 0, Skipped: 0, Time elapsed: 1.024 s - in org.apache.hadoop.hive.conf.[1mTestHiveConfUtil[m
[[1;34mINFO[m] Running org.apache.hadoop.hive.conf.[1mTestHiveAsyncLogging[m
[[1;34mINFO[m] [1;32mTests run: [0;1;32m1[m, Failures: 0, Errors: 0, Skipped: 0, Time elapsed: 1.038 s - in org.apache.hadoop.hive.conf.[1mTestHiveAsyncLogging[m
[[1;34mINFO[m] Running org.apache.hadoop.hive.conf.[1mTestHiveConfRestrictList[m
[[1;31mERROR[m] [1;31mTests [0;1mrun: [0;1m4[m, Failures: 0, [1;31mErrors: [0;1;31m4[m, Skipped: 0, Time elapsed: 0.641 s[1;31m <<< FAILURE![m - in org.apache.hadoop.hive.conf.[1mTestHiveConfRestrictList[m
[[1;31mERROR[m] testAppendRestriction(org.apache.hadoop.hive.conf.TestHiveConfRestrictList)  Time elapsed: 0.563 s  <<< ERROR!
java.lang.NullPointerException
	at edu.illinois.CTestRunner.shouldThorwException(CTestRunner.java:219)
	at edu.illinois.CTestJUnit4Runner2$3.evaluate(CTestJUnit4Runner2.java:168)
	at org.junit.runners.ParentRunner.runLeaf(ParentRunner.java:271)
	at org.junit.runners.BlockJUnit4ClassRunner.runChild(BlockJUnit4ClassRunner.java:70)
	at org.junit.runners.BlockJUnit4ClassRunner.runChild(BlockJUnit4ClassRunner.java:50)
	at org.junit.runners.ParentRunner$3.run(ParentRunner.java:238)
	at org.junit.runners.ParentRunner$1.schedule(ParentRunner.java:63)
	at org.junit.runners.ParentRunner.runChildren(ParentRunner.java:236)
	at org.junit.runners.ParentRunner.access$000(ParentRunner.java:53)
	at org.junit.runners.ParentRunner$2.evaluate(ParentRunner.java:229)
	at edu.illinois.CTestJUnit4Runner2$1.evaluate(CTestJUnit4Runner2.java:133)
	at edu.illinois.CTestJUnit4Runner2$4.evaluate(CTestJUnit4Runner2.java:214)
	at org.junit.runners.ParentRunner.run(ParentRunner.java:309)
	at org.apache.maven.surefire.junit4.JUnit4Provider.execute(JUnit4Provider.java:365)
	at org.apache.maven.surefire.junit4.JUnit4Provider.executeWithRerun(JUnit4Provider.java:273)
	at org.apache.maven.surefire.junit4.JUnit4Provider.executeTestSet(JUnit4Provider.java:238)
	at org.apache.maven.surefire.junit4.JUnit4Provider.invoke(JUnit4Provider.java:159)
	at org.apache.maven.surefire.booter.ForkedBooter.invokeProviderInSameClassLoader(ForkedBooter.java:379)
	at org.apache.maven.surefire.booter.ForkedBooter.runSuitesInProcess(ForkedBooter.java:340)
	at org.apache.maven.surefire.booter.ForkedBooter.execute(ForkedBooter.java:125)
	at org.apache.maven.surefire.booter.ForkedBooter.main(ForkedBooter.java:413)

[[1;31mERROR[m] testMultipleRestrictions(org.apache.hadoop.hive.conf.TestHiveConfRestrictList)  Time elapsed: 0 s  <<< ERROR!
java.lang.NullPointerException
	at edu.illinois.CTestRunner.shouldThorwException(CTestRunner.java:219)
	at edu.illinois.CTestJUnit4Runner2$3.evaluate(CTestJUnit4Runner2.java:168)
	at org.junit.runners.ParentRunner.runLeaf(ParentRunner.java:271)
	at org.junit.runners.BlockJUnit4ClassRunner.runChild(BlockJUnit4ClassRunner.java:70)
	at org.junit.runners.BlockJUnit4ClassRunner.runChild(BlockJUnit4ClassRunner.java:50)
	at org.junit.runners.ParentRunner$3.run(ParentRunner.java:238)
	at org.junit.runners.ParentRunner$1.schedule(ParentRunner.java:63)
	at org.junit.runners.ParentRunner.runChildren(ParentRunner.java:236)
	at org.junit.runners.ParentRunner.access$000(ParentRunner.java:53)
	at org.junit.runners.ParentRunner$2.evaluate(ParentRunner.java:229)
	at edu.illinois.CTestJUnit4Runner2$1.evaluate(CTestJUnit4Runner2.java:133)
	at edu.illinois.CTestJUnit4Runner2$4.evaluate(CTestJUnit4Runner2.java:214)
	at org.junit.runners.ParentRunner.run(ParentRunner.java:309)
	at org.apache.maven.surefire.junit4.JUnit4Provider.execute(JUnit4Provider.java:365)
	at org.apache.maven.surefire.junit4.JUnit4Provider.executeWithRerun(JUnit4Provider.java:273)
	at org.apache.maven.surefire.junit4.JUnit4Provider.executeTestSet(JUnit4Provider.java:238)
	at org.apache.maven.surefire.junit4.JUnit4Provider.invoke(JUnit4Provider.java:159)
	at org.apache.maven.surefire.booter.ForkedBooter.invokeProviderInSameClassLoader(ForkedBooter.java:379)
	at org.apache.maven.surefire.booter.ForkedBooter.runSuitesInProcess(ForkedBooter.java:340)
	at org.apache.maven.surefire.booter.ForkedBooter.execute(ForkedBooter.java:125)
	at org.apache.maven.surefire.booter.ForkedBooter.main(ForkedBooter.java:413)

[[1;31mERROR[m] testRestrictList(org.apache.hadoop.hive.conf.TestHiveConfRestrictList)  Time elapsed: 0.001 s  <<< ERROR!
java.lang.NullPointerException
	at edu.illinois.CTestRunner.shouldThorwException(CTestRunner.java:219)
	at edu.illinois.CTestJUnit4Runner2$3.evaluate(CTestJUnit4Runner2.java:168)
	at org.junit.runners.ParentRunner.runLeaf(ParentRunner.java:271)
	at org.junit.runners.BlockJUnit4ClassRunner.runChild(BlockJUnit4ClassRunner.java:70)
	at org.junit.runners.BlockJUnit4ClassRunner.runChild(BlockJUnit4ClassRunner.java:50)
	at org.junit.runners.ParentRunner$3.run(ParentRunner.java:238)
	at org.junit.runners.ParentRunner$1.schedule(ParentRunner.java:63)
	at org.junit.runners.ParentRunner.runChildren(ParentRunner.java:236)
	at org.junit.runners.ParentRunner.access$000(ParentRunner.java:53)
	at org.junit.runners.ParentRunner$2.evaluate(ParentRunner.java:229)
	at edu.illinois.CTestJUnit4Runner2$1.evaluate(CTestJUnit4Runner2.java:133)
	at edu.illinois.CTestJUnit4Runner2$4.evaluate(CTestJUnit4Runner2.java:214)
	at org.junit.runners.ParentRunner.run(ParentRunner.java:309)
	at org.apache.maven.surefire.junit4.JUnit4Provider.execute(JUnit4Provider.java:365)
	at org.apache.maven.surefire.junit4.JUnit4Provider.executeWithRerun(JUnit4Provider.java:273)
	at org.apache.maven.surefire.junit4.JUnit4Provider.executeTestSet(JUnit4Provider.java:238)
	at org.apache.maven.surefire.junit4.JUnit4Provider.invoke(JUnit4Provider.java:159)
	at org.apache.maven.surefire.booter.ForkedBooter.invokeProviderInSameClassLoader(ForkedBooter.java:379)
	at org.apache.maven.surefire.booter.ForkedBooter.runSuitesInProcess(ForkedBooter.java:340)
	at org.apache.maven.surefire.booter.ForkedBooter.execute(ForkedBooter.java:125)
	at org.apache.maven.surefire.booter.ForkedBooter.main(ForkedBooter.java:413)

[[1;31mERROR[m] testRestriction(org.apache.hadoop.hive.conf.TestHiveConfRestrictList)  Time elapsed: 0 s  <<< ERROR!
java.lang.NullPointerException
	at edu.illinois.CTestRunner.shouldThorwException(CTestRunner.java:219)
	at edu.illinois.CTestJUnit4Runner2$3.evaluate(CTestJUnit4Runner2.java:168)
	at org.junit.runners.ParentRunner.runLeaf(ParentRunner.java:271)
	at org.junit.runners.BlockJUnit4ClassRunner.runChild(BlockJUnit4ClassRunner.java:70)
	at org.junit.runners.BlockJUnit4ClassRunner.runChild(BlockJUnit4ClassRunner.java:50)
	at org.junit.runners.ParentRunner$3.run(ParentRunner.java:238)
	at org.junit.runners.ParentRunner$1.schedule(ParentRunner.java:63)
	at org.junit.runners.ParentRunner.runChildren(ParentRunner.java:236)
	at org.junit.runners.ParentRunner.access$000(ParentRunner.java:53)
	at org.junit.runners.ParentRunner$2.evaluate(ParentRunner.java:229)
	at edu.illinois.CTestJUnit4Runner2$1.evaluate(CTestJUnit4Runner2.java:133)
	at edu.illinois.CTestJUnit4Runner2$4.evaluate(CTestJUnit4Runner2.java:214)
	at org.junit.runners.ParentRunner.run(ParentRunner.java:309)
	at org.apache.maven.surefire.junit4.JUnit4Provider.execute(JUnit4Provider.java:365)
	at org.apache.maven.surefire.junit4.JUnit4Provider.executeWithRerun(JUnit4Provider.java:273)
	at org.apache.maven.surefire.junit4.JUnit4Provider.executeTestSet(JUnit4Provider.java:238)
	at org.apache.maven.surefire.junit4.JUnit4Provider.invoke(JUnit4Provider.java:159)
	at org.apache.maven.surefire.booter.ForkedBooter.invokeProviderInSameClassLoader(ForkedBooter.java:379)
	at org.apache.maven.surefire.booter.ForkedBooter.runSuitesInProcess(ForkedBooter.java:340)
	at org.apache.maven.surefire.booter.ForkedBooter.execute(ForkedBooter.java:125)
	at org.apache.maven.surefire.booter.ForkedBooter.main(ForkedBooter.java:413)

[[1;34mINFO[m] Running org.apache.hadoop.hive.conf.[1mTestVariableSubstitution[m
[[1;34mINFO[m] [1;32mTests run: [0;1;32m1[m, Failures: 0, Errors: 0, Skipped: 0, Time elapsed: 0.951 s - in org.apache.hadoop.hive.conf.[1mTestVariableSubstitution[m
[[1;34mINFO[m] 
[[1;34mINFO[m] Results:
[[1;34mINFO[m] 
[[1;31mERROR[m] [1;31mErrors: [m
[[1;31mERROR[m] [1;31m  TestHiveConfRestrictList.testAppendRestriction Â» NullPointer[m
[[1;31mERROR[m] [1;31m  TestHiveConfRestrictList.testMultipleRestrictions Â» NullPointer[m
[[1;31mERROR[m] [1;31m  TestHiveConfRestrictList.testRestrictList Â» NullPointer[m
[[1;31mERROR[m] [1;31m  TestHiveConfRestrictList.testRestriction Â» NullPointer[m
[[1;31mERROR[m] [1;31m  TestACLConfigurationParser.org.apache.hive.common.util.TestACLConfigurationParser Â» NoSuchMethod[m
[[1;34mINFO[m] 
[[1;31mERROR[m] [1;31mTests run: 195, Failures: 0, Errors: 5, Skipped: 0[m
[[1;34mINFO[m] 
[[1;34mINFO[m] [1m------------------------------------------------------------------------[m
[[1;34mINFO[m] [1;31mBUILD FAILURE[m
[[1;34mINFO[m] [1m------------------------------------------------------------------------[m
[[1;34mINFO[m] Total time:  51.570 s
[[1;34mINFO[m] Finished at: 2023-12-26T14:49:05-06:00
[[1;34mINFO[m] [1m------------------------------------------------------------------------[m
[[1;31mERROR[m] Failed to execute goal [32morg.apache.maven.plugins:maven-surefire-plugin:2.21.0:test[m [1m(default-cli)[m on project [36mhive-common[m: [1;31mThere are test failures.[m
[[1;31mERROR[m] [1;31m[m
[[1;31mERROR[m] [1;31mPlease refer to /home/xinyu/port_ctest_runner/hive/common/target/surefire-reports for the individual test results.[m
[[1;31mERROR[m] [1;31mPlease refer to dump files (if any exist) [date]-jvmRun[N].dump, [date].dumpstream and [date]-jvmRun[N].dumpstream.[m
[[1;31mERROR[m] -> [1m[Help 1][m
[[1;31mERROR[m] 
[[1;31mERROR[m] To see the full stack trace of the errors, re-run Maven with the [1m-e[m switch.
[[1;31mERROR[m] Re-run Maven using the [1m-X[m switch to enable full debug logging.
[[1;31mERROR[m] 
[[1;31mERROR[m] For more information about the errors and possible solutions, please read the following articles:
[[1;31mERROR[m] [1m[Help 1][m http://cwiki.apache.org/confluence/display/MAVEN/MojoFailureException
